{
  "stats": {
    "suites": 1,
    "tests": 2,
    "passes": 2,
    "pending": 0,
    "failures": 0,
    "start": "2020-06-10T17:03:39.012Z",
    "end": "2020-06-10T17:04:10.732Z",
    "duration": 31720,
    "testsRegistered": 2,
    "passPercent": 100,
    "pendingPercent": 0,
    "other": 0,
    "hasOther": false,
    "skipped": 0,
    "hasSkipped": false
  },
  "results": [
    {
      "uuid": "8a958eeb-133e-4f10-8763-3d650674415c",
      "title": "",
      "fullFile": "cypress\\integration\\TC2_Demo.spec.js",
      "file": "cypress\\integration\\TC2_Demo.spec.js",
      "beforeHooks": [],
      "afterHooks": [],
      "tests": [],
      "suites": [
        {
          "uuid": "352f8908-f35e-42db-a074-ae6165060101",
          "title": "Search a keyword in Google site",
          "fullFile": "",
          "file": "",
          "beforeHooks": [],
          "afterHooks": [],
          "tests": [
            {
              "title": "Launch the Google Site",
              "fullTitle": "Search a keyword in Google site Launch the Google Site",
              "timedOut": null,
              "duration": 7944,
              "state": "passed",
              "speed": "slow",
              "pass": true,
              "fail": false,
              "pending": false,
              "context": null,
              "code": "cy.title().should('be.eq', 'Google');",
              "err": {},
              "uuid": "1f1f14b8-5864-42d7-86e0-8da8cca42d58",
              "parentUUID": "352f8908-f35e-42db-a074-ae6165060101",
              "isHook": false,
              "skipped": false
            },
            {
              "title": "Enter the keyword The Test Tribe in search text box",
              "fullTitle": "Search a keyword in Google site Enter the keyword The Test Tribe in search text box",
              "timedOut": null,
              "duration": 23448,
              "state": "passed",
              "speed": "slow",
              "pass": true,
              "fail": false,
              "pending": false,
              "context": null,
              "code": "cy.googleSearch();",
              "err": {},
              "uuid": "8d3dd42b-d56e-4b7f-bd9f-c98a5556d069",
              "parentUUID": "352f8908-f35e-42db-a074-ae6165060101",
              "isHook": false,
              "skipped": false
            }
          ],
          "suites": [],
          "passes": [
            "1f1f14b8-5864-42d7-86e0-8da8cca42d58",
            "8d3dd42b-d56e-4b7f-bd9f-c98a5556d069"
          ],
          "failures": [],
          "pending": [],
          "skipped": [],
          "duration": 31392,
          "root": false,
          "rootEmpty": false,
          "_timeout": 2000
        }
      ],
      "passes": [],
      "failures": [],
      "pending": [],
      "skipped": [],
      "duration": 0,
      "root": true,
      "rootEmpty": true,
      "_timeout": 2000
    }
  ],
  "meta": {
    "mocha": {
      "version": "7.0.1"
    },
    "mochawesome": {
      "options": {
        "quiet": false,
        "reportFilename": "mochawesome",
        "saveHtml": false,
        "saveJson": true,
        "consoleReporter": "spec",
        "useInlineDiffs": false,
        "code": true
      },
      "version": "6.1.1"
    },
    "marge": {
      "options": {
        "id": "default",
        "reportDir": "cypress/reports/mocha",
        "quite": true,
        "overwrite": false,
        "html": false,
        "json": true
      },
      "version": "5.1.0"
    }
  }
}