{
  "stats": {
    "suites": 1,
    "tests": 3,
    "passes": 3,
    "pending": 0,
    "failures": 0,
    "start": "2020-06-10T17:03:05.620Z",
    "end": "2020-06-10T17:03:36.211Z",
    "duration": 30591,
    "testsRegistered": 3,
    "passPercent": 100,
    "pendingPercent": 0,
    "other": 0,
    "hasOther": false,
    "skipped": 0,
    "hasSkipped": false
  },
  "results": [
    {
      "uuid": "9ab3b831-93bf-4a7a-9f83-83ef90ad6047",
      "title": "",
      "fullFile": "cypress\\integration\\TC1_Demo.spec.js",
      "file": "cypress\\integration\\TC1_Demo.spec.js",
      "beforeHooks": [],
      "afterHooks": [],
      "tests": [],
      "suites": [
        {
          "uuid": "37bd29f1-28ac-4abc-9af3-1ba211be0fef",
          "title": "Search a keyword in Google site",
          "fullFile": "",
          "file": "",
          "beforeHooks": [],
          "afterHooks": [],
          "tests": [
            {
              "title": "Launch the Google Site",
              "fullTitle": "Search a keyword in Google site Launch the Google Site",
              "timedOut": null,
              "duration": 14063,
              "state": "passed",
              "speed": "slow",
              "pass": true,
              "fail": false,
              "pending": false,
              "context": null,
              "code": "cy.visit('https://www.google.com/');\ncy.title().should('be.eq', 'Google');",
              "err": {},
              "uuid": "874e14dd-dc0b-445b-b4c1-7e9e275b1f35",
              "parentUUID": "37bd29f1-28ac-4abc-9af3-1ba211be0fef",
              "isHook": false,
              "skipped": false
            },
            {
              "title": "Enter the keyword The Test Tribe in search text box",
              "fullTitle": "Search a keyword in Google site Enter the keyword The Test Tribe in search text box",
              "timedOut": null,
              "duration": 2279,
              "state": "passed",
              "speed": "slow",
              "pass": true,
              "fail": false,
              "pending": false,
              "context": null,
              "code": "cy.get('input[type=\"text\"]').type('The Test Tribe');",
              "err": {},
              "uuid": "d3377c82-0b5f-46b5-bde8-d9c2bb22d4f3",
              "parentUUID": "37bd29f1-28ac-4abc-9af3-1ba211be0fef",
              "isHook": false,
              "skipped": false
            },
            {
              "title": "click on Google Search button",
              "fullTitle": "Search a keyword in Google site click on Google Search button",
              "timedOut": null,
              "duration": 14017,
              "state": "passed",
              "speed": "slow",
              "pass": true,
              "fail": false,
              "pending": false,
              "context": null,
              "code": "cy.get('input[type=\"submit\"]').contains('Google Search').click();",
              "err": {},
              "uuid": "b8de8258-1def-4047-853c-f7b7e2cfb60b",
              "parentUUID": "37bd29f1-28ac-4abc-9af3-1ba211be0fef",
              "isHook": false,
              "skipped": false
            }
          ],
          "suites": [],
          "passes": [
            "874e14dd-dc0b-445b-b4c1-7e9e275b1f35",
            "d3377c82-0b5f-46b5-bde8-d9c2bb22d4f3",
            "b8de8258-1def-4047-853c-f7b7e2cfb60b"
          ],
          "failures": [],
          "pending": [],
          "skipped": [],
          "duration": 30359,
          "root": false,
          "rootEmpty": false,
          "_timeout": 2000
        }
      ],
      "passes": [],
      "failures": [],
      "pending": [],
      "skipped": [],
      "duration": 0,
      "root": true,
      "rootEmpty": true,
      "_timeout": 2000
    }
  ],
  "meta": {
    "mocha": {
      "version": "7.0.1"
    },
    "mochawesome": {
      "options": {
        "quiet": false,
        "reportFilename": "mochawesome",
        "saveHtml": false,
        "saveJson": true,
        "consoleReporter": "spec",
        "useInlineDiffs": false,
        "code": true
      },
      "version": "6.1.1"
    },
    "marge": {
      "options": {
        "id": "default",
        "reportDir": "cypress/reports/mocha",
        "quite": true,
        "overwrite": false,
        "html": false,
        "json": true
      },
      "version": "5.1.0"
    }
  }
}