{
  "stats": {
    "suites": 1,
    "tests": 2,
    "passes": 2,
    "pending": 0,
    "failures": 0,
    "start": "2020-06-10T17:04:13.552Z",
    "end": "2020-06-10T17:04:46.573Z",
    "duration": 33021,
    "testsRegistered": 2,
    "passPercent": 100,
    "pendingPercent": 0,
    "other": 0,
    "hasOther": false,
    "skipped": 0,
    "hasSkipped": false
  },
  "results": [
    {
      "uuid": "faf23443-b43d-409f-a8bd-f2ae72816e6b",
      "title": "",
      "fullFile": "cypress\\integration\\TC3_Demo.spec.js",
      "file": "cypress\\integration\\TC3_Demo.spec.js",
      "beforeHooks": [],
      "afterHooks": [],
      "tests": [],
      "suites": [
        {
          "uuid": "6eec07b8-40c2-4b8c-a562-03bd475b26b1",
          "title": "Upload file",
          "fullFile": "",
          "file": "",
          "beforeHooks": [],
          "afterHooks": [],
          "tests": [
            {
              "title": "File Upload",
              "fullTitle": "Upload file File Upload",
              "timedOut": null,
              "duration": 11067,
              "state": "passed",
              "speed": "slow",
              "pass": true,
              "fail": false,
              "pending": false,
              "context": null,
              "code": "cy.visit(\"http://the-internet.herokuapp.com/\");\ncy.contains('File Upload').click();\ncy.get('#file-upload').should('be.visible');\ncy.get('#file-upload').attachFile(fileName);\ncy.get('input[type=\"submit\"]').click();\ncy.contains('File Uploaded!');",
              "err": {},
              "uuid": "7e33c480-29aa-4703-b811-5b77d18cbe21",
              "parentUUID": "6eec07b8-40c2-4b8c-a562-03bd475b26b1",
              "isHook": false,
              "skipped": false
            },
            {
              "title": "uploads the file via custom command",
              "fullTitle": "Upload file uploads the file via custom command",
              "timedOut": null,
              "duration": 12704,
              "state": "passed",
              "speed": "slow",
              "pass": true,
              "fail": false,
              "pending": false,
              "context": null,
              "code": "cy.visit('https://angular-file-upload.appspot.com/');\ncy.get('[name=userName]').type('myLogo');\nvar yourBestPicture = 'meow.png';\ncy.get('fieldset > .ng-pristine').attachFile('Allpicturesblog.jpg');\ncy.contains('button', 'Submit').click();\ncy.contains('.progress', '100%');\ncy.contains('body', 'Upload Successful');",
              "err": {},
              "uuid": "fd227bdb-0094-4da5-ab07-3c7baf34a945",
              "parentUUID": "6eec07b8-40c2-4b8c-a562-03bd475b26b1",
              "isHook": false,
              "skipped": false
            }
          ],
          "suites": [],
          "passes": [
            "7e33c480-29aa-4703-b811-5b77d18cbe21",
            "fd227bdb-0094-4da5-ab07-3c7baf34a945"
          ],
          "failures": [],
          "pending": [],
          "skipped": [],
          "duration": 23771,
          "root": false,
          "rootEmpty": false,
          "_timeout": 2000
        }
      ],
      "passes": [],
      "failures": [],
      "pending": [],
      "skipped": [],
      "duration": 0,
      "root": true,
      "rootEmpty": true,
      "_timeout": 2000
    }
  ],
  "meta": {
    "mocha": {
      "version": "7.0.1"
    },
    "mochawesome": {
      "options": {
        "quiet": false,
        "reportFilename": "mochawesome",
        "saveHtml": false,
        "saveJson": true,
        "consoleReporter": "spec",
        "useInlineDiffs": false,
        "code": true
      },
      "version": "6.1.1"
    },
    "marge": {
      "options": {
        "id": "default",
        "reportDir": "cypress/reports/mocha",
        "quite": true,
        "overwrite": false,
        "html": false,
        "json": true
      },
      "version": "5.1.0"
    }
  }
}