{
  "stats": {
    "suites": 3,
    "tests": 7,
    "passes": 7,
    "pending": 0,
    "failures": 0,
    "start": "2020-06-10T17:04:50.585Z",
    "end": "2020-06-10T17:04:50.586Z",
    "duration": 85522,
    "testsRegistered": 7,
    "passPercent": 100,
    "pendingPercent": 0,
    "other": 0,
    "hasOther": false,
    "skipped": 0,
    "hasSkipped": false
  },
  "results": [
    {
      "uuid": "8a958eeb-133e-4f10-8763-3d650674415c",
      "title": "",
      "fullFile": "cypress\\integration\\TC2_Demo.spec.js",
      "file": "cypress\\integration\\TC2_Demo.spec.js",
      "beforeHooks": [],
      "afterHooks": [],
      "tests": [],
      "suites": [
        {
          "uuid": "352f8908-f35e-42db-a074-ae6165060101",
          "title": "Search a keyword in Google site",
          "fullFile": "",
          "file": "",
          "beforeHooks": [],
          "afterHooks": [],
          "tests": [
            {
              "title": "Launch the Google Site",
              "fullTitle": "Search a keyword in Google site Launch the Google Site",
              "timedOut": null,
              "duration": 7944,
              "state": "passed",
              "speed": "slow",
              "pass": true,
              "fail": false,
              "pending": false,
              "context": null,
              "code": "cy.title().should('be.eq', 'Google');",
              "err": {},
              "uuid": "1f1f14b8-5864-42d7-86e0-8da8cca42d58",
              "parentUUID": "352f8908-f35e-42db-a074-ae6165060101",
              "isHook": false,
              "skipped": false
            },
            {
              "title": "Enter the keyword The Test Tribe in search text box",
              "fullTitle": "Search a keyword in Google site Enter the keyword The Test Tribe in search text box",
              "timedOut": null,
              "duration": 23448,
              "state": "passed",
              "speed": "slow",
              "pass": true,
              "fail": false,
              "pending": false,
              "context": null,
              "code": "cy.googleSearch();",
              "err": {},
              "uuid": "8d3dd42b-d56e-4b7f-bd9f-c98a5556d069",
              "parentUUID": "352f8908-f35e-42db-a074-ae6165060101",
              "isHook": false,
              "skipped": false
            }
          ],
          "suites": [],
          "passes": [
            "1f1f14b8-5864-42d7-86e0-8da8cca42d58",
            "8d3dd42b-d56e-4b7f-bd9f-c98a5556d069"
          ],
          "failures": [],
          "pending": [],
          "skipped": [],
          "duration": 31392,
          "root": false,
          "rootEmpty": false,
          "_timeout": 2000
        }
      ],
      "passes": [],
      "failures": [],
      "pending": [],
      "skipped": [],
      "duration": 0,
      "root": true,
      "rootEmpty": true,
      "_timeout": 2000
    },
    {
      "uuid": "faf23443-b43d-409f-a8bd-f2ae72816e6b",
      "title": "",
      "fullFile": "cypress\\integration\\TC3_Demo.spec.js",
      "file": "cypress\\integration\\TC3_Demo.spec.js",
      "beforeHooks": [],
      "afterHooks": [],
      "tests": [],
      "suites": [
        {
          "uuid": "6eec07b8-40c2-4b8c-a562-03bd475b26b1",
          "title": "Upload file",
          "fullFile": "",
          "file": "",
          "beforeHooks": [],
          "afterHooks": [],
          "tests": [
            {
              "title": "File Upload",
              "fullTitle": "Upload file File Upload",
              "timedOut": null,
              "duration": 11067,
              "state": "passed",
              "speed": "slow",
              "pass": true,
              "fail": false,
              "pending": false,
              "context": null,
              "code": "cy.visit(\"http://the-internet.herokuapp.com/\");\ncy.contains('File Upload').click();\ncy.get('#file-upload').should('be.visible');\ncy.get('#file-upload').attachFile(fileName);\ncy.get('input[type=\"submit\"]').click();\ncy.contains('File Uploaded!');",
              "err": {},
              "uuid": "7e33c480-29aa-4703-b811-5b77d18cbe21",
              "parentUUID": "6eec07b8-40c2-4b8c-a562-03bd475b26b1",
              "isHook": false,
              "skipped": false
            },
            {
              "title": "uploads the file via custom command",
              "fullTitle": "Upload file uploads the file via custom command",
              "timedOut": null,
              "duration": 12704,
              "state": "passed",
              "speed": "slow",
              "pass": true,
              "fail": false,
              "pending": false,
              "context": null,
              "code": "cy.visit('https://angular-file-upload.appspot.com/');\ncy.get('[name=userName]').type('myLogo');\nvar yourBestPicture = 'meow.png';\ncy.get('fieldset > .ng-pristine').attachFile('Allpicturesblog.jpg');\ncy.contains('button', 'Submit').click();\ncy.contains('.progress', '100%');\ncy.contains('body', 'Upload Successful');",
              "err": {},
              "uuid": "fd227bdb-0094-4da5-ab07-3c7baf34a945",
              "parentUUID": "6eec07b8-40c2-4b8c-a562-03bd475b26b1",
              "isHook": false,
              "skipped": false
            }
          ],
          "suites": [],
          "passes": [
            "7e33c480-29aa-4703-b811-5b77d18cbe21",
            "fd227bdb-0094-4da5-ab07-3c7baf34a945"
          ],
          "failures": [],
          "pending": [],
          "skipped": [],
          "duration": 23771,
          "root": false,
          "rootEmpty": false,
          "_timeout": 2000
        }
      ],
      "passes": [],
      "failures": [],
      "pending": [],
      "skipped": [],
      "duration": 0,
      "root": true,
      "rootEmpty": true,
      "_timeout": 2000
    },
    {
      "uuid": "9ab3b831-93bf-4a7a-9f83-83ef90ad6047",
      "title": "",
      "fullFile": "cypress\\integration\\TC1_Demo.spec.js",
      "file": "cypress\\integration\\TC1_Demo.spec.js",
      "beforeHooks": [],
      "afterHooks": [],
      "tests": [],
      "suites": [
        {
          "uuid": "37bd29f1-28ac-4abc-9af3-1ba211be0fef",
          "title": "Search a keyword in Google site",
          "fullFile": "",
          "file": "",
          "beforeHooks": [],
          "afterHooks": [],
          "tests": [
            {
              "title": "Launch the Google Site",
              "fullTitle": "Search a keyword in Google site Launch the Google Site",
              "timedOut": null,
              "duration": 14063,
              "state": "passed",
              "speed": "slow",
              "pass": true,
              "fail": false,
              "pending": false,
              "context": null,
              "code": "cy.visit('https://www.google.com/');\ncy.title().should('be.eq', 'Google');",
              "err": {},
              "uuid": "874e14dd-dc0b-445b-b4c1-7e9e275b1f35",
              "parentUUID": "37bd29f1-28ac-4abc-9af3-1ba211be0fef",
              "isHook": false,
              "skipped": false
            },
            {
              "title": "Enter the keyword The Test Tribe in search text box",
              "fullTitle": "Search a keyword in Google site Enter the keyword The Test Tribe in search text box",
              "timedOut": null,
              "duration": 2279,
              "state": "passed",
              "speed": "slow",
              "pass": true,
              "fail": false,
              "pending": false,
              "context": null,
              "code": "cy.get('input[type=\"text\"]').type('The Test Tribe');",
              "err": {},
              "uuid": "d3377c82-0b5f-46b5-bde8-d9c2bb22d4f3",
              "parentUUID": "37bd29f1-28ac-4abc-9af3-1ba211be0fef",
              "isHook": false,
              "skipped": false
            },
            {
              "title": "click on Google Search button",
              "fullTitle": "Search a keyword in Google site click on Google Search button",
              "timedOut": null,
              "duration": 14017,
              "state": "passed",
              "speed": "slow",
              "pass": true,
              "fail": false,
              "pending": false,
              "context": null,
              "code": "cy.get('input[type=\"submit\"]').contains('Google Search').click();",
              "err": {},
              "uuid": "b8de8258-1def-4047-853c-f7b7e2cfb60b",
              "parentUUID": "37bd29f1-28ac-4abc-9af3-1ba211be0fef",
              "isHook": false,
              "skipped": false
            }
          ],
          "suites": [],
          "passes": [
            "874e14dd-dc0b-445b-b4c1-7e9e275b1f35",
            "d3377c82-0b5f-46b5-bde8-d9c2bb22d4f3",
            "b8de8258-1def-4047-853c-f7b7e2cfb60b"
          ],
          "failures": [],
          "pending": [],
          "skipped": [],
          "duration": 30359,
          "root": false,
          "rootEmpty": false,
          "_timeout": 2000
        }
      ],
      "passes": [],
      "failures": [],
      "pending": [],
      "skipped": [],
      "duration": 0,
      "root": true,
      "rootEmpty": true,
      "_timeout": 2000
    }
  ],
  "meta": {
    "mocha": {
      "version": "7.0.1"
    },
    "mochawesome": {
      "options": {
        "quiet": false,
        "reportFilename": "mochawesome",
        "saveHtml": false,
        "saveJson": true,
        "consoleReporter": "spec",
        "useInlineDiffs": false,
        "code": true
      },
      "version": "6.1.1"
    },
    "marge": {
      "options": {
        "id": "default",
        "reportDir": "cypress/reports/mocha",
        "quite": true,
        "overwrite": false,
        "html": false,
        "json": true
      },
      "version": "5.1.0"
    }
  }
}